c:\users\wk893\desktop\fp200_x\qtopenglcoordinatesystems\qtopenglcoordinatesystems\x64\debug\vc143.pdb
c:\users\wk893\desktop\fp200_x\qtopenglcoordinatesystems\qtopenglcoordinatesystems\x64\debug\qrc_mainwindow.obj
c:\users\wk893\desktop\fp200_x\qtopenglcoordinatesystems\qtopenglcoordinatesystems\x64\debug\coordinatesystemsmultiplewidget.obj
c:\users\wk893\desktop\fp200_x\qtopenglcoordinatesystems\qtopenglcoordinatesystems\x64\debug\mainwindow.obj
c:\users\wk893\desktop\fp200_x\qtopenglcoordinatesystems\qtopenglcoordinatesystems\x64\debug\main.obj
c:\users\wk893\desktop\fp200_x\qtopenglcoordinatesystems\qtopenglcoordinatesystems\x64\debug\stb_image.obj
c:\users\wk893\desktop\fp200_x\qtopenglcoordinatesystems\qtopenglcoordinatesystems\x64\debug\moc_mainwindow.obj
c:\users\wk893\desktop\fp200_x\qtopenglcoordinatesystems\qtopenglcoordinatesystems\x64\debug\moc_coordinatesystemsmultiplewidget.obj
c:\users\wk893\desktop\fp200_x\qtopenglcoordinatesystems\x64\debug\qtopenglcoordinatesystems.exe
c:\users\wk893\desktop\fp200_x\qtopenglcoordinatesystems\x64\debug\qtopenglcoordinatesystems.ilk
c:\users\wk893\desktop\fp200_x\qtopenglcoordinatesystems\x64\debug\qtopenglcoordinatesystems.pdb
c:\users\wk893\desktop\fp200_x\qtopenglcoordinatesystems\qtopenglcoordinatesystems\x64\debug\moc\moc_mainwindow.cpp
c:\users\wk893\desktop\fp200_x\qtopenglcoordinatesystems\qtopenglcoordinatesystems\x64\debug\moc\moc_coordinatesystemsmultiplewidget.cpp
c:\users\wk893\desktop\fp200_x\qtopenglcoordinatesystems\qtopenglcoordinatesystems\x64\debug\uic\ui_mainwindow.h
c:\users\wk893\desktop\fp200_x\qtopenglcoordinatesystems\qtopenglcoordinatesystems\x64\debug\rcc\qrc_mainwindow.cpp
c:\users\wk893\desktop\fp200_x\qtopenglcoordinatesystems\qtopenglcoordinatesystems\x64\debug\qtopenglcoordinatesystems.res
c:\users\wk893\desktop\fp200_x\qtopenglcoordinatesystems\qtopenglcoordinatesystems\x64\debug\qtopengl.d422fa61.tlog\cl.command.1.tlog
c:\users\wk893\desktop\fp200_x\qtopenglcoordinatesystems\qtopenglcoordinatesystems\x64\debug\qtopengl.d422fa61.tlog\cl.read.1.tlog
c:\users\wk893\desktop\fp200_x\qtopenglcoordinatesystems\qtopenglcoordinatesystems\x64\debug\qtopengl.d422fa61.tlog\cl.write.1.tlog
c:\users\wk893\desktop\fp200_x\qtopenglcoordinatesystems\qtopenglcoordinatesystems\x64\debug\qtopengl.d422fa61.tlog\link.command.1.tlog
c:\users\wk893\desktop\fp200_x\qtopenglcoordinatesystems\qtopenglcoordinatesystems\x64\debug\qtopengl.d422fa61.tlog\link.read.1.tlog
c:\users\wk893\desktop\fp200_x\qtopenglcoordinatesystems\qtopenglcoordinatesystems\x64\debug\qtopengl.d422fa61.tlog\link.write.1.tlog
c:\users\wk893\desktop\fp200_x\qtopenglcoordinatesystems\qtopenglcoordinatesystems\x64\debug\qtopengl.d422fa61.tlog\moc.read.1u.tlog
c:\users\wk893\desktop\fp200_x\qtopenglcoordinatesystems\qtopenglcoordinatesystems\x64\debug\qtopengl.d422fa61.tlog\moc.write.1u.tlog
c:\users\wk893\desktop\fp200_x\qtopenglcoordinatesystems\qtopenglcoordinatesystems\x64\debug\qtopengl.d422fa61.tlog\qtopenglcoordinatesystems.write.1u.tlog
c:\users\wk893\desktop\fp200_x\qtopenglcoordinatesystems\qtopenglcoordinatesystems\x64\debug\qtopengl.d422fa61.tlog\rc.command.1.tlog
c:\users\wk893\desktop\fp200_x\qtopenglcoordinatesystems\qtopenglcoordinatesystems\x64\debug\qtopengl.d422fa61.tlog\rc.read.1.tlog
c:\users\wk893\desktop\fp200_x\qtopenglcoordinatesystems\qtopenglcoordinatesystems\x64\debug\qtopengl.d422fa61.tlog\rc.write.1.tlog
c:\users\wk893\desktop\fp200_x\qtopenglcoordinatesystems\qtopenglcoordinatesystems\x64\debug\qtopengl.d422fa61.tlog\rcc.read.1u.tlog
c:\users\wk893\desktop\fp200_x\qtopenglcoordinatesystems\qtopenglcoordinatesystems\x64\debug\qtopengl.d422fa61.tlog\rcc.write.1u.tlog
c:\users\wk893\desktop\fp200_x\qtopenglcoordinatesystems\qtopenglcoordinatesystems\x64\debug\qtopengl.d422fa61.tlog\uic.read.1u.tlog
c:\users\wk893\desktop\fp200_x\qtopenglcoordinatesystems\qtopenglcoordinatesystems\x64\debug\qtopengl.d422fa61.tlog\uic.write.1u.tlog
